<?xml version="1.0" encoding="UTF-8"?>
<testng-results skipped="0" failed="0" ignored="0" total="9" passed="9">
  <reporter-output>
  </reporter-output>
  <suite name="Default suite" duration-ms="443" started-at="2019-07-22T17:56:52Z" finished-at="2019-07-22T17:56:53Z">
    <groups>
      <group name="dataproviderTest">
        <method signature="practiceTestNGTest.testDataProvider(java.lang.String, java.lang.String)[pri:1, instance:com.automation.seleniumPractice.practiceTestNGTest@d8355a8]" name="testDataProvider" class="com.automation.seleniumPractice.practiceTestNGTest"/>
      </group> <!-- dataproviderTest -->
      <group name="functionalTest">
        <method signature="practiceTestNGTest.testDataProvider(java.lang.String, java.lang.String)[pri:1, instance:com.automation.seleniumPractice.practiceTestNGTest@d8355a8]" name="testDataProvider" class="com.automation.seleniumPractice.practiceTestNGTest"/>
        <method signature="practiceTestNGTest.testExpectedExceptions()[pri:0, instance:com.automation.seleniumPractice.practiceTestNGTest@d8355a8]" name="testExpectedExceptions" class="com.automation.seleniumPractice.practiceTestNGTest"/>
        <method signature="practiceTestNGTest.testPriority()[pri:0, instance:com.automation.seleniumPractice.practiceTestNGTest@d8355a8]" name="testPriority" class="com.automation.seleniumPractice.practiceTestNGTest"/>
      </group> <!-- functionalTest -->
    </groups>
    <test name="Default test" duration-ms="443" started-at="2019-07-22T17:56:52Z" finished-at="2019-07-22T17:56:53Z">
      <class name="com.automation.seleniumPractice.practiceTestNGTest">
        <test-method status="PASS" signature="testExpectedExceptions()[pri:0, instance:com.automation.seleniumPractice.practiceTestNGTest@d8355a8]" name="testExpectedExceptions" duration-ms="7" started-at="2019-07-22T17:56:52Z" finished-at="2019-07-22T17:56:52Z">
          <exception class="java.lang.ArithmeticException">
            <message>
              <![CDATA[/ by zero]]>
            </message>
            <full-stacktrace>
              <![CDATA[java.lang.ArithmeticException: / by zero
at com.automation.seleniumPractice.practiceTestNGTest.testExpectedExceptions(practiceTestNGTest.java:49)
at sun.reflect.NativeMethodAccessorImpl.invoke0(Native Method)
at sun.reflect.NativeMethodAccessorImpl.invoke(NativeMethodAccessorImpl.java:62)
at sun.reflect.DelegatingMethodAccessorImpl.invoke(DelegatingMethodAccessorImpl.java:43)
at java.lang.reflect.Method.invoke(Method.java:498)
at org.testng.internal.MethodInvocationHelper.invokeMethod(MethodInvocationHelper.java:124)
at org.testng.internal.Invoker.invokeMethod(Invoker.java:583)
at org.testng.internal.Invoker.invokeTestMethod(Invoker.java:719)
at org.testng.internal.Invoker.invokeTestMethods(Invoker.java:989)
at org.testng.internal.TestMethodWorker.invokeTestMethods(TestMethodWorker.java:125)
at org.testng.internal.TestMethodWorker.run(TestMethodWorker.java:109)
at org.testng.TestRunner.privateRun(TestRunner.java:648)
at org.testng.TestRunner.run(TestRunner.java:505)
at org.testng.SuiteRunner.runTest(SuiteRunner.java:455)
at org.testng.SuiteRunner.runSequentially(SuiteRunner.java:450)
at org.testng.SuiteRunner.privateRun(SuiteRunner.java:415)
at org.testng.SuiteRunner.run(SuiteRunner.java:364)
at org.testng.SuiteRunnerWorker.runSuite(SuiteRunnerWorker.java:52)
at org.testng.SuiteRunnerWorker.run(SuiteRunnerWorker.java:84)
at org.testng.TestNG.runSuitesSequentially(TestNG.java:1208)
at org.testng.TestNG.runSuitesLocally(TestNG.java:1137)
at org.testng.TestNG.runSuites(TestNG.java:1049)
at org.testng.TestNG.run(TestNG.java:1017)
at org.testng.remote.AbstractRemoteTestNG.run(AbstractRemoteTestNG.java:115)
at org.testng.remote.RemoteTestNG.initAndRun(RemoteTestNG.java:251)
at org.testng.remote.RemoteTestNG.main(RemoteTestNG.java:77)
]]>
            </full-stacktrace>
          </exception> <!-- java.lang.ArithmeticException -->
          <reporter-output>
          </reporter-output>
        </test-method> <!-- testExpectedExceptions -->
        <test-method status="PASS" signature="testExpectedExceptions()[pri:0, instance:com.automation.seleniumPractice.practiceTestNGTest@d8355a8]" name="testExpectedExceptions" duration-ms="1" started-at="2019-07-22T17:56:52Z" finished-at="2019-07-22T17:56:52Z">
          <exception class="java.lang.ArithmeticException">
            <message>
              <![CDATA[/ by zero]]>
            </message>
            <full-stacktrace>
              <![CDATA[java.lang.ArithmeticException: / by zero
at com.automation.seleniumPractice.practiceTestNGTest.testExpectedExceptions(practiceTestNGTest.java:49)
at sun.reflect.NativeMethodAccessorImpl.invoke0(Native Method)
at sun.reflect.NativeMethodAccessorImpl.invoke(NativeMethodAccessorImpl.java:62)
at sun.reflect.DelegatingMethodAccessorImpl.invoke(DelegatingMethodAccessorImpl.java:43)
at java.lang.reflect.Method.invoke(Method.java:498)
at org.testng.internal.MethodInvocationHelper.invokeMethod(MethodInvocationHelper.java:124)
at org.testng.internal.Invoker.invokeMethod(Invoker.java:583)
at org.testng.internal.Invoker.invokeTestMethod(Invoker.java:719)
at org.testng.internal.Invoker.invokeTestMethods(Invoker.java:989)
at org.testng.internal.TestMethodWorker.invokeTestMethods(TestMethodWorker.java:125)
at org.testng.internal.TestMethodWorker.run(TestMethodWorker.java:109)
at org.testng.TestRunner.privateRun(TestRunner.java:648)
at org.testng.TestRunner.run(TestRunner.java:505)
at org.testng.SuiteRunner.runTest(SuiteRunner.java:455)
at org.testng.SuiteRunner.runSequentially(SuiteRunner.java:450)
at org.testng.SuiteRunner.privateRun(SuiteRunner.java:415)
at org.testng.SuiteRunner.run(SuiteRunner.java:364)
at org.testng.SuiteRunnerWorker.runSuite(SuiteRunnerWorker.java:52)
at org.testng.SuiteRunnerWorker.run(SuiteRunnerWorker.java:84)
at org.testng.TestNG.runSuitesSequentially(TestNG.java:1208)
at org.testng.TestNG.runSuitesLocally(TestNG.java:1137)
at org.testng.TestNG.runSuites(TestNG.java:1049)
at org.testng.TestNG.run(TestNG.java:1017)
at org.testng.remote.AbstractRemoteTestNG.run(AbstractRemoteTestNG.java:115)
at org.testng.remote.RemoteTestNG.initAndRun(RemoteTestNG.java:251)
at org.testng.remote.RemoteTestNG.main(RemoteTestNG.java:77)
]]>
            </full-stacktrace>
          </exception> <!-- java.lang.ArithmeticException -->
          <reporter-output>
          </reporter-output>
        </test-method> <!-- testExpectedExceptions -->
        <test-method status="PASS" signature="testPriority()[pri:0, instance:com.automation.seleniumPractice.practiceTestNGTest@d8355a8]" name="testPriority" duration-ms="5" started-at="2019-07-22T17:56:52Z" finished-at="2019-07-22T17:56:52Z">
          <reporter-output>
          </reporter-output>
        </test-method> <!-- testPriority -->
        <test-method status="PASS" signature="testDataProvider(java.lang.String, java.lang.String)[pri:1, instance:com.automation.seleniumPractice.practiceTestNGTest@d8355a8]" name="testDataProvider" duration-ms="0" started-at="2019-07-22T17:56:53Z" data-provider="getData" finished-at="2019-07-22T17:56:53Z">
          <params>
            <param index="0">
              <value>
                <![CDATA[FirstName1]]>
              </value>
            </param>
            <param index="1">
              <value>
                <![CDATA[PWD1]]>
              </value>
            </param>
          </params>
          <reporter-output>
          </reporter-output>
        </test-method> <!-- testDataProvider -->
        <test-method status="PASS" signature="testDataProvider(java.lang.String, java.lang.String)[pri:1, instance:com.automation.seleniumPractice.practiceTestNGTest@d8355a8]" name="testDataProvider" duration-ms="1" started-at="2019-07-22T17:56:53Z" data-provider="getData" finished-at="2019-07-22T17:56:53Z">
          <params>
            <param index="0">
              <value>
                <![CDATA[FirstName2]]>
              </value>
            </param>
            <param index="1">
              <value>
                <![CDATA[PWD2]]>
              </value>
            </param>
          </params>
          <reporter-output>
          </reporter-output>
        </test-method> <!-- testDataProvider -->
        <test-method status="PASS" signature="testDataProvider(java.lang.String, java.lang.String)[pri:1, instance:com.automation.seleniumPractice.practiceTestNGTest@d8355a8]" name="testDataProvider" duration-ms="0" started-at="2019-07-22T17:56:53Z" data-provider="getData" finished-at="2019-07-22T17:56:53Z">
          <params>
            <param index="0">
              <value>
                <![CDATA[FirstName3]]>
              </value>
            </param>
            <param index="1">
              <value>
                <![CDATA[PWD3]]>
              </value>
            </param>
          </params>
          <reporter-output>
          </reporter-output>
        </test-method> <!-- testDataProvider -->
        <test-method status="PASS" signature="testDataProvider(java.lang.String, java.lang.String)[pri:1, instance:com.automation.seleniumPractice.practiceTestNGTest@d8355a8]" name="testDataProvider" duration-ms="1" started-at="2019-07-22T17:56:53Z" data-provider="getData" finished-at="2019-07-22T17:56:53Z">
          <params>
            <param index="0">
              <value>
                <![CDATA[FirstName4]]>
              </value>
            </param>
            <param index="1">
              <value>
                <![CDATA[PWD4]]>
              </value>
            </param>
          </params>
          <reporter-output>
          </reporter-output>
        </test-method> <!-- testDataProvider -->
        <test-method status="PASS" signature="testDataProvider(java.lang.String, java.lang.String)[pri:1, instance:com.automation.seleniumPractice.practiceTestNGTest@d8355a8]" name="testDataProvider" duration-ms="1" started-at="2019-07-22T17:56:53Z" data-provider="getData" finished-at="2019-07-22T17:56:53Z">
          <params>
            <param index="0">
              <value>
                <![CDATA[FirstName5]]>
              </value>
            </param>
            <param index="1">
              <value>
                <![CDATA[PWD5]]>
              </value>
            </param>
          </params>
          <reporter-output>
          </reporter-output>
        </test-method> <!-- testDataProvider -->
        <test-method status="PASS" signature="testDataProvider(java.lang.String, java.lang.String)[pri:1, instance:com.automation.seleniumPractice.practiceTestNGTest@d8355a8]" name="testDataProvider" duration-ms="0" started-at="2019-07-22T17:56:53Z" data-provider="getData" finished-at="2019-07-22T17:56:53Z">
          <params>
            <param index="0">
              <value>
                <![CDATA[FirstName6]]>
              </value>
            </param>
            <param index="1">
              <value>
                <![CDATA[PWD6]]>
              </value>
            </param>
          </params>
          <reporter-output>
          </reporter-output>
        </test-method> <!-- testDataProvider -->
      </class> <!-- com.automation.seleniumPractice.practiceTestNGTest -->
    </test> <!-- Default test -->
  </suite> <!-- Default suite -->
</testng-results>
